[0.557s] DEBUG:colcon:Command line arguments: ['/usr/bin/colcon', 'build', '--symlink-install', '--packages-select', 'av-stack']
[0.558s] DEBUG:colcon:Parsed command line arguments: Namespace(ament_cmake_args=None, base_paths=['.'], build_base='build', catkin_cmake_args=None, catkin_skip_building_tests=False, cmake_args=None, cmake_clean_cache=False, cmake_clean_first=False, cmake_force_configure=False, cmake_target=None, cmake_target_skip_unavailable=False, continue_on_error=False, event_handlers=None, executor='parallel', ignore_user_meta=False, install_base='install', log_base=None, log_level=None, main=<bound method BuildVerb.main of <colcon_core.verb.build.BuildVerb object at 0xffff9b6f7fd0>>, merge_install=False, metas=['./colcon.meta'], packages_above=None, packages_above_and_dependencies=None, packages_above_depth=None, packages_end=None, packages_ignore=None, packages_ignore_regex=None, packages_select=['av-stack'], packages_select_build_failed=False, packages_select_by_dep=None, packages_select_regex=None, packages_select_test_failures=False, packages_skip=None, packages_skip_build_finished=False, packages_skip_by_dep=None, packages_skip_regex=None, packages_skip_test_passed=False, packages_skip_up_to=None, packages_start=None, packages_up_to=None, packages_up_to_regex=None, parallel_workers=4, paths=None, symlink_install=True, test_result_base=None, verb_extension=<colcon_core.verb.build.BuildVerb object at 0xffff9b6f7fd0>, verb_name='build', verb_parser=<colcon_defaults.argument_parser.defaults.DefaultArgumentsDecorator object at 0xffff9b702520>)
[0.654s] Level 1:colcon.colcon_core.package_discovery:discover_packages(colcon_meta) check parameters
[0.655s] Level 1:colcon.colcon_core.package_discovery:discover_packages(recursive) check parameters
[0.655s] Level 1:colcon.colcon_core.package_discovery:discover_packages(ignore) check parameters
[0.655s] Level 1:colcon.colcon_core.package_discovery:discover_packages(path) check parameters
[0.655s] Level 1:colcon.colcon_core.package_discovery:discover_packages(colcon_meta) discover
[0.656s] Level 1:colcon.colcon_core.package_discovery:discover_packages(recursive) discover
[0.656s] INFO:colcon.colcon_core.package_discovery:Crawling recursively for packages in '/home/f1tenth3/f1tenth_ws/src/av-stack'
[0.656s] Level 1:colcon.colcon_core.package_identification:_identify(.) by extensions ['ignore', 'ignore_ament_install']
[0.657s] Level 1:colcon.colcon_core.package_identification:_identify(.) by extension 'ignore'
[0.657s] Level 1:colcon.colcon_core.package_identification:_identify(.) by extension 'ignore_ament_install'
[0.657s] Level 1:colcon.colcon_core.package_identification:_identify(.) by extensions ['colcon_pkg']
[0.657s] Level 1:colcon.colcon_core.package_identification:_identify(.) by extension 'colcon_pkg'
[0.657s] Level 1:colcon.colcon_core.package_identification:_identify(.) by extensions ['colcon_meta']
[0.657s] Level 1:colcon.colcon_core.package_identification:_identify(.) by extension 'colcon_meta'
[0.658s] Level 1:colcon.colcon_core.package_identification:_identify(.) by extensions ['ros']
[0.658s] Level 1:colcon.colcon_core.package_identification:_identify(.) by extension 'ros'
[0.708s] DEBUG:colcon.colcon_core.package_identification:Package '.' with type 'ros.ament_cmake' and name 'av-stack'
[0.709s] Level 1:colcon.colcon_core.package_discovery:discover_packages(recursive) using defaults
[0.709s] Level 1:colcon.colcon_core.package_discovery:discover_packages(ignore) discover
[0.709s] Level 1:colcon.colcon_core.package_discovery:discover_packages(ignore) using defaults
[0.709s] Level 1:colcon.colcon_core.package_discovery:discover_packages(path) discover
[0.709s] Level 1:colcon.colcon_core.package_discovery:discover_packages(path) using defaults
[0.824s] Level 5:colcon.colcon_core.verb:set package 'av-stack' build argument 'cmake_args' from command line to 'None'
[0.824s] Level 5:colcon.colcon_core.verb:set package 'av-stack' build argument 'cmake_target' from command line to 'None'
[0.824s] Level 5:colcon.colcon_core.verb:set package 'av-stack' build argument 'cmake_target_skip_unavailable' from command line to 'False'
[0.824s] Level 5:colcon.colcon_core.verb:set package 'av-stack' build argument 'cmake_clean_cache' from command line to 'False'
[0.824s] Level 5:colcon.colcon_core.verb:set package 'av-stack' build argument 'cmake_clean_first' from command line to 'False'
[0.824s] Level 5:colcon.colcon_core.verb:set package 'av-stack' build argument 'cmake_force_configure' from command line to 'False'
[0.825s] Level 5:colcon.colcon_core.verb:set package 'av-stack' build argument 'ament_cmake_args' from command line to 'None'
[0.825s] Level 5:colcon.colcon_core.verb:set package 'av-stack' build argument 'catkin_cmake_args' from command line to 'None'
[0.825s] Level 5:colcon.colcon_core.verb:set package 'av-stack' build argument 'catkin_skip_building_tests' from command line to 'False'
[0.825s] DEBUG:colcon.colcon_core.verb:Building package 'av-stack' with the following arguments: {'ament_cmake_args': None, 'build_base': '/home/f1tenth3/f1tenth_ws/src/av-stack/build/av-stack', 'catkin_cmake_args': None, 'catkin_skip_building_tests': False, 'cmake_args': None, 'cmake_clean_cache': False, 'cmake_clean_first': False, 'cmake_force_configure': False, 'cmake_target': None, 'cmake_target_skip_unavailable': False, 'install_base': '/home/f1tenth3/f1tenth_ws/src/av-stack/install/av-stack', 'merge_install': False, 'path': '/home/f1tenth3/f1tenth_ws/src/av-stack', 'symlink_install': True, 'test_result_base': None}
[0.829s] INFO:colcon.colcon_core.executor:Executing jobs using 'parallel' executor
[0.852s] DEBUG:colcon.colcon_parallel_executor.executor.parallel:run_until_complete
[0.854s] INFO:colcon.colcon_ros.task.ament_cmake.build:Building ROS package in '/home/f1tenth3/f1tenth_ws/src/av-stack' with build type 'ament_cmake'
[0.854s] INFO:colcon.colcon_cmake.task.cmake.build:Building CMake package in '/home/f1tenth3/f1tenth_ws/src/av-stack'
[0.873s] INFO:colcon.colcon_core.plugin_system:Skipping extension 'colcon_core.shell.bat': Not used on non-Windows systems
[0.874s] INFO:colcon.colcon_core.shell:Skip shell extension 'powershell' for command environment: Not usable outside of PowerShell
[0.874s] DEBUG:colcon.colcon_core.shell:Skip shell extension 'dsv' for command environment
[0.939s] DEBUG:colcon.colcon_core.event_handler.log_command:Invoking command in '/home/f1tenth3/f1tenth_ws/src/av-stack/build/av-stack': CMAKE_PREFIX_PATH=${CMAKE_PREFIX_PATH}:/opt/ros/foxy /usr/bin/cmake --build /home/f1tenth3/f1tenth_ws/src/av-stack/build/av-stack -- -j4 -l4
[44.849s] DEBUG:colcon.colcon_core.event_handler.log_command:Invoked command in '/home/f1tenth3/f1tenth_ws/src/av-stack/build/av-stack' returned '0': CMAKE_PREFIX_PATH=${CMAKE_PREFIX_PATH}:/opt/ros/foxy /usr/bin/cmake --build /home/f1tenth3/f1tenth_ws/src/av-stack/build/av-stack -- -j4 -l4
[45.080s] DEBUG:colcon.colcon_core.event_handler.log_command:Invoking command in '/home/f1tenth3/f1tenth_ws/src/av-stack/build/av-stack': CMAKE_PREFIX_PATH=${CMAKE_PREFIX_PATH}:/opt/ros/foxy /usr/bin/cmake --install /home/f1tenth3/f1tenth_ws/src/av-stack/build/av-stack
[46.747s] Level 1:colcon.colcon_core.environment:create_environment_scripts_only(av-stack)
[46.753s] DEBUG:colcon.colcon_core.event_handler.log_command:Invoked command in '/home/f1tenth3/f1tenth_ws/src/av-stack/build/av-stack' returned '0': CMAKE_PREFIX_PATH=${CMAKE_PREFIX_PATH}:/opt/ros/foxy /usr/bin/cmake --install /home/f1tenth3/f1tenth_ws/src/av-stack/build/av-stack
[46.791s] Level 1:colcon.colcon_core.environment:checking '/home/f1tenth3/f1tenth_ws/src/av-stack/install/av-stack' for CMake module files
[46.794s] Level 1:colcon.colcon_core.environment:checking '/home/f1tenth3/f1tenth_ws/src/av-stack/install/av-stack' for CMake config files
[46.796s] Level 1:colcon.colcon_core.shell:create_environment_hook('av-stack', 'cmake_prefix_path')
[46.805s] INFO:colcon.colcon_core.shell:Creating environment hook '/home/f1tenth3/f1tenth_ws/src/av-stack/install/av-stack/share/av-stack/hook/cmake_prefix_path.ps1'
[46.808s] INFO:colcon.colcon_core.shell:Creating environment descriptor '/home/f1tenth3/f1tenth_ws/src/av-stack/install/av-stack/share/av-stack/hook/cmake_prefix_path.dsv'
[46.810s] INFO:colcon.colcon_core.shell:Creating environment hook '/home/f1tenth3/f1tenth_ws/src/av-stack/install/av-stack/share/av-stack/hook/cmake_prefix_path.sh'
[46.814s] Level 1:colcon.colcon_core.environment:checking '/home/f1tenth3/f1tenth_ws/src/av-stack/install/av-stack/lib'
[46.815s] Level 1:colcon.colcon_core.environment:checking '/home/f1tenth3/f1tenth_ws/src/av-stack/install/av-stack/bin'
[46.815s] Level 1:colcon.colcon_core.environment:checking '/home/f1tenth3/f1tenth_ws/src/av-stack/install/av-stack/lib/pkgconfig/av-stack.pc'
[46.818s] Level 1:colcon.colcon_core.environment:checking '/home/f1tenth3/f1tenth_ws/src/av-stack/install/av-stack/lib/python3.8/site-packages'
[46.819s] Level 1:colcon.colcon_core.environment:checking '/home/f1tenth3/f1tenth_ws/src/av-stack/install/av-stack/bin'
[46.828s] INFO:colcon.colcon_core.shell:Creating package script '/home/f1tenth3/f1tenth_ws/src/av-stack/install/av-stack/share/av-stack/package.ps1'
[46.832s] INFO:colcon.colcon_core.shell:Creating package descriptor '/home/f1tenth3/f1tenth_ws/src/av-stack/install/av-stack/share/av-stack/package.dsv'
[46.834s] INFO:colcon.colcon_core.shell:Creating package script '/home/f1tenth3/f1tenth_ws/src/av-stack/install/av-stack/share/av-stack/package.sh'
[46.836s] INFO:colcon.colcon_core.shell:Creating package script '/home/f1tenth3/f1tenth_ws/src/av-stack/install/av-stack/share/av-stack/package.bash'
[46.839s] INFO:colcon.colcon_core.shell:Creating package script '/home/f1tenth3/f1tenth_ws/src/av-stack/install/av-stack/share/av-stack/package.zsh'
[46.841s] Level 1:colcon.colcon_core.environment:create_file_with_runtime_dependencies(/home/f1tenth3/f1tenth_ws/src/av-stack/install/av-stack/share/colcon-core/packages/av-stack)
[47.037s] Level 1:colcon.colcon_core.environment:create_environment_scripts_only(av-stack)
[47.055s] Level 1:colcon.colcon_core.environment:checking '/home/f1tenth3/f1tenth_ws/src/av-stack/install/av-stack' for CMake module files
[47.058s] Level 1:colcon.colcon_core.environment:checking '/home/f1tenth3/f1tenth_ws/src/av-stack/install/av-stack' for CMake config files
[47.060s] Level 1:colcon.colcon_core.shell:create_environment_hook('av-stack', 'cmake_prefix_path')
[47.068s] INFO:colcon.colcon_core.shell:Creating environment hook '/home/f1tenth3/f1tenth_ws/src/av-stack/install/av-stack/share/av-stack/hook/cmake_prefix_path.ps1'
[47.071s] INFO:colcon.colcon_core.shell:Creating environment descriptor '/home/f1tenth3/f1tenth_ws/src/av-stack/install/av-stack/share/av-stack/hook/cmake_prefix_path.dsv'
[47.072s] INFO:colcon.colcon_core.shell:Creating environment hook '/home/f1tenth3/f1tenth_ws/src/av-stack/install/av-stack/share/av-stack/hook/cmake_prefix_path.sh'
[47.075s] Level 1:colcon.colcon_core.environment:checking '/home/f1tenth3/f1tenth_ws/src/av-stack/install/av-stack/lib'
[47.075s] Level 1:colcon.colcon_core.environment:checking '/home/f1tenth3/f1tenth_ws/src/av-stack/install/av-stack/bin'
[47.076s] Level 1:colcon.colcon_core.environment:checking '/home/f1tenth3/f1tenth_ws/src/av-stack/install/av-stack/lib/pkgconfig/av-stack.pc'
[47.077s] Level 1:colcon.colcon_core.environment:checking '/home/f1tenth3/f1tenth_ws/src/av-stack/install/av-stack/lib/python3.8/site-packages'
[47.077s] Level 1:colcon.colcon_core.environment:checking '/home/f1tenth3/f1tenth_ws/src/av-stack/install/av-stack/bin'
[47.086s] INFO:colcon.colcon_core.shell:Creating package script '/home/f1tenth3/f1tenth_ws/src/av-stack/install/av-stack/share/av-stack/package.ps1'
[47.088s] INFO:colcon.colcon_core.shell:Creating package descriptor '/home/f1tenth3/f1tenth_ws/src/av-stack/install/av-stack/share/av-stack/package.dsv'
[47.090s] INFO:colcon.colcon_core.shell:Creating package script '/home/f1tenth3/f1tenth_ws/src/av-stack/install/av-stack/share/av-stack/package.sh'
[47.091s] INFO:colcon.colcon_core.shell:Creating package script '/home/f1tenth3/f1tenth_ws/src/av-stack/install/av-stack/share/av-stack/package.bash'
[47.093s] INFO:colcon.colcon_core.shell:Creating package script '/home/f1tenth3/f1tenth_ws/src/av-stack/install/av-stack/share/av-stack/package.zsh'
[47.094s] Level 1:colcon.colcon_core.environment:create_file_with_runtime_dependencies(/home/f1tenth3/f1tenth_ws/src/av-stack/install/av-stack/share/colcon-core/packages/av-stack)
[47.095s] DEBUG:colcon.colcon_parallel_executor.executor.parallel:closing loop
[47.097s] DEBUG:colcon.colcon_parallel_executor.executor.parallel:loop closed
[47.098s] DEBUG:colcon.colcon_parallel_executor.executor.parallel:run_until_complete finished with '0'
[47.098s] DEBUG:colcon.colcon_core.event_reactor:joining thread
[47.126s] INFO:colcon.colcon_core.plugin_system:Skipping extension 'colcon_notification.desktop_notification.terminal_notifier': Not used on non-Darwin systems
[47.126s] INFO:colcon.colcon_core.plugin_system:Skipping extension 'colcon_notification.desktop_notification.win32': Not used on non-Windows systems
[47.126s] INFO:colcon.colcon_notification.desktop_notification:Sending desktop notification using 'notify2'
[47.167s] DEBUG:colcon.colcon_notification.desktop_notification.notify2:Failed to initialize notify2: org.freedesktop.DBus.Error.Spawn.ChildExited: Process org.freedesktop.Notifications exited with status 1
[47.168s] DEBUG:colcon.colcon_core.event_reactor:joined thread
[47.177s] INFO:colcon.colcon_core.shell:Creating prefix script '/home/f1tenth3/f1tenth_ws/src/av-stack/install/local_setup.ps1'
[47.181s] INFO:colcon.colcon_core.shell:Creating prefix util module '/home/f1tenth3/f1tenth_ws/src/av-stack/install/_local_setup_util_ps1.py'
[47.185s] INFO:colcon.colcon_core.shell:Creating prefix chain script '/home/f1tenth3/f1tenth_ws/src/av-stack/install/setup.ps1'
[47.193s] INFO:colcon.colcon_core.shell:Creating prefix script '/home/f1tenth3/f1tenth_ws/src/av-stack/install/local_setup.sh'
[47.195s] INFO:colcon.colcon_core.shell:Creating prefix util module '/home/f1tenth3/f1tenth_ws/src/av-stack/install/_local_setup_util_sh.py'
[47.197s] INFO:colcon.colcon_core.shell:Creating prefix chain script '/home/f1tenth3/f1tenth_ws/src/av-stack/install/setup.sh'
[47.204s] INFO:colcon.colcon_core.shell:Creating prefix script '/home/f1tenth3/f1tenth_ws/src/av-stack/install/local_setup.bash'
[47.206s] INFO:colcon.colcon_core.shell:Creating prefix chain script '/home/f1tenth3/f1tenth_ws/src/av-stack/install/setup.bash'
[47.213s] INFO:colcon.colcon_core.shell:Creating prefix script '/home/f1tenth3/f1tenth_ws/src/av-stack/install/local_setup.zsh'
[47.215s] INFO:colcon.colcon_core.shell:Creating prefix chain script '/home/f1tenth3/f1tenth_ws/src/av-stack/install/setup.zsh'
