In file included from [01m[K/home/f1tenth3/f1tenth_ws/src/av-stack/src/laser_icp.cpp:18[m[K:
[01m[K/home/f1tenth3/f1tenth_ws/src/av-stack/include/knn.h:533:[m[K [01;35m[Kwarning: [m[Kignoring #pragma omp parallel [[01;35m[K-Wunknown-pragmas[m[K]
  533 |             #pragma omp parallel for num_threads(threads_)
      | 
[01m[K/home/f1tenth3/f1tenth_ws/src/av-stack/include/knn.h:1219:[m[K [01;35m[Kwarning: [m[Kignoring #pragma omp parallel [[01;35m[K-Wunknown-pragmas[m[K]
 1219 |             #pragma omp parallel for num_threads(threads_)
      | 
In file included from [01m[K/home/f1tenth3/f1tenth_ws/src/av-stack/src/laser_icp.cpp:18[m[K:
[01m[K/home/f1tenth3/f1tenth_ws/src/av-stack/include/knn.h:1464:[m[K [01;35m[Kwarning: [m[Kignoring #pragma omp parallel [[01;35m[K-Wunknown-pragmas[m[K]
 1464 |             #pragma omp parallel for num_threads(threads_)
      | 
[01m[K/home/f1tenth3/f1tenth_ws/src/av-stack/src/gpio_read.cpp:[m[K In constructor ‘[01m[KGPIOTest::GPIOTest()[m[K’:
[01m[K/home/f1tenth3/f1tenth_ws/src/av-stack/src/gpio_read.cpp:37:71:[m[K [01;31m[Kerror: [m[K‘[01m[Ktimer_callback2[m[K’ is not a member of ‘[01m[KGPIOTest[m[K’
   37 |         timer1_ = this->create_wall_timer(600ms, std::bind(&GPIOTest::[01;31m[Ktimer_callback2[m[K, this));
      |                                                                       [01;31m[K^~~~~~~~~~~~~~~[m[K
[01m[K/home/f1tenth3/f1tenth_ws/src/av-stack/src/laser_icp.cpp:[m[K In function ‘[01m[KEigen::VectorXf solver(Eigen::MatrixXf, Eigen::MatrixXf)[m[K’:
[01m[K/home/f1tenth3/f1tenth_ws/src/av-stack/src/laser_icp.cpp:152:9:[m[K [01;35m[Kwarning: [m[Kunused variable ‘[01m[Kret[m[K’ [[01;35m[K-Wunused-variable[m[K]
  152 |     int [01;35m[Kret[m[K = lvm.minimize(x);
      |         [01;35m[K^~~[m[K
make[2]: *** [CMakeFiles/gpio_read.dir/build.make:63: CMakeFiles/gpio_read.dir/src/gpio_read.cpp.o] Error 1
make[1]: *** [CMakeFiles/Makefile2:198: CMakeFiles/gpio_read.dir/all] Error 2
make[1]: *** Waiting for unfinished jobs....
make: *** [Makefile:141: all] Error 2
