[0.080s] Invoking command in '/home/f1tenth3/f1tenth_ws/src/av-stack/build/av-stack': CMAKE_PREFIX_PATH=${CMAKE_PREFIX_PATH}:/opt/ros/foxy /usr/bin/cmake /home/f1tenth3/f1tenth_ws/src/av-stack -DAMENT_CMAKE_SYMLINK_INSTALL=1 -DCMAKE_INSTALL_PREFIX=/home/f1tenth3/f1tenth_ws/src/av-stack/install/av-stack
[0.328s] -- The C compiler identification is GNU 9.4.0
[0.576s] -- The CXX compiler identification is GNU 9.4.0
[0.611s] -- Check for working C compiler: /usr/bin/cc
[0.914s] -- Check for working C compiler: /usr/bin/cc -- works
[0.919s] -- Detecting C compiler ABI info
[1.209s] -- Detecting C compiler ABI info - done
[1.265s] -- Detecting C compile features
[1.267s] -- Detecting C compile features - done
[1.277s] -- Check for working CXX compiler: /usr/bin/c++
[1.596s] -- Check for working CXX compiler: /usr/bin/c++ -- works
[1.600s] -- Detecting CXX compiler ABI info
[1.930s] -- Detecting CXX compiler ABI info - done
[1.984s] -- Detecting CXX compile features
[1.986s] -- Detecting CXX compile features - done
[1.999s] -- Found ament_cmake: 0.9.9 (/opt/ros/foxy/share/ament_cmake/cmake)
[2.094s] -- Found PythonInterp: /usr/bin/python3 (found suitable version "3.8.10", minimum required is "3") 
[2.094s] -- Using PYTHON_EXECUTABLE: /usr/bin/python3
[2.703s] -- Override CMake install command with custom implementation using symlinks instead of copying resources
[2.837s] -- Found rclcpp: 2.4.1 (/opt/ros/foxy/share/rclcpp/cmake)
[3.031s] -- Using all available rosidl_typesupport_c: rosidl_typesupport_fastrtps_c;rosidl_typesupport_introspection_c
[3.066s] -- Found rosidl_adapter: 1.2.1 (/opt/ros/foxy/share/rosidl_adapter/cmake)
[3.423s] -- Found OpenSSL: /usr/lib/aarch64-linux-gnu/libcrypto.so (found version "1.1.1f")  
[3.528s] -- Found FastRTPS: /opt/ros/foxy/include  
[3.822s] -- Using all available rosidl_typesupport_cpp: rosidl_typesupport_fastrtps_cpp;rosidl_typesupport_introspection_cpp
[4.036s] -- Found rmw_implementation_cmake: 1.0.3 (/opt/ros/foxy/share/rmw_implementation_cmake/cmake)
[4.042s] -- Using RMW implementation 'rmw_fastrtps_cpp' as default
[4.045s] -- Looking for pthread.h
[4.350s] -- Looking for pthread.h - found
[4.351s] -- Performing Test CMAKE_HAVE_LIBC_PTHREAD
[4.667s] -- Performing Test CMAKE_HAVE_LIBC_PTHREAD - Failed
[4.668s] -- Looking for pthread_create in pthreads
[4.935s] -- Looking for pthread_create in pthreads - not found
[4.936s] -- Looking for pthread_create in pthread
[5.235s] -- Looking for pthread_create in pthread - found
[5.239s] -- Found Threads: TRUE  
[5.773s] -- Found ackermann_msgs: 2.0.2 (/opt/ros/foxy/share/ackermann_msgs/cmake)
[5.881s] -- Found sensor_msgs: 2.0.5 (/opt/ros/foxy/share/sensor_msgs/cmake)
[6.230s] -- Found nav_msgs: 2.0.5 (/opt/ros/foxy/share/nav_msgs/cmake)
[6.441s] -- Found nav2_msgs: 0.4.7 (/opt/ros/foxy/share/nav2_msgs/cmake)
[7.221s] -- Found tf2_ros: 0.13.13 (/opt/ros/foxy/share/tf2_ros/cmake)
[8.121s] -- Found slam_toolbox: 2.4.1 (/opt/ros/foxy/share/slam_toolbox/cmake)
[9.152s] -- Found eigen3_cmake_module: 0.1.1 (/opt/ros/foxy/share/eigen3_cmake_module/cmake)
[9.165s] -- Found Eigen3: TRUE (found version "3.4.90") 
[9.469s] -- Setting OGRE_DIR to: '/opt/ros/foxy/share/rviz_ogre_vendor/cmake/../../../opt/rviz_ogre_vendor/lib/OGRE/cmake'
[9.478s] -- Found OGRE
[9.478s] --   static     : OFF
[9.479s] --   components : HLMS;MeshLodGenerator;Overlay;Paging;Property;RTShaderSystem;Terrain;Volume
[9.479s] --   plugins    : Plugin_BSPSceneManager;Plugin_OctreeSceneManager;Plugin_PCZSceneManager;Plugin_ParticleFX;RenderSystem_GL;RenderSystem_GL3Plus;Codec_STBI
[9.479s] --   media      : /opt/ros/foxy/opt/rviz_ogre_vendor/share/OGRE/Media
[9.480s] -- OGRE_LIBRARIES: OgreHLMS;OgreMeshLodGenerator;OgreOverlay;OgrePaging;OgreProperty;OgreRTShaderSystem;OgreTerrain;OgreVolume;OgreMain
[9.480s] -- OGRE_LIBRARY_DIRS: /opt/ros/foxy/opt/rviz_ogre_vendor/lib
[9.480s] -- OGRE_PLUGINS: Plugin_BSPSceneManager;Plugin_OctreeSceneManager;Plugin_PCZSceneManager;Plugin_ParticleFX;RenderSystem_GL;RenderSystem_GL3Plus;Codec_STBI
[9.481s] -- OGRE_PLUGIN_DIR: /opt/ros/foxy/opt/rviz_ogre_vendor/lib/OGRE
[9.481s] -- rviz_ogre_vendor::OgreOverlay for IMPORTED_LOCATION_RELEASE: /opt/ros/foxy/opt/rviz_ogre_vendor/lib/libOgreOverlay.so
[9.481s] -- rviz_ogre_vendor::OgreOverlay for IMPORTED_LOCATION_DEBUG: /opt/ros/foxy/opt/rviz_ogre_vendor/lib/libOgreOverlay.so
[9.481s] -- rviz_ogre_vendor::OgreMain for IMPORTED_LOCATION_RELEASE: /opt/ros/foxy/opt/rviz_ogre_vendor/lib/libOgreMain.so
[9.482s] -- rviz_ogre_vendor::OgreMain for IMPORTED_LOCATION_DEBUG: /opt/ros/foxy/opt/rviz_ogre_vendor/lib/libOgreMain.so
[9.486s] -- Could not find freeimage library
[9.556s] -- Found ZLIB: /usr/lib/aarch64-linux-gnu/libz.so (found version "1.2.11") 
[9.579s] -- Found OpenGL: /usr/lib/aarch64-linux-gnu/libOpenGL.so   
[9.992s] -- Found X11: /usr/include   
[9.993s] -- Looking for XOpenDisplay in /usr/lib/aarch64-linux-gnu/libX11.so;/usr/lib/aarch64-linux-gnu/libXext.so
[10.321s] -- Looking for XOpenDisplay in /usr/lib/aarch64-linux-gnu/libX11.so;/usr/lib/aarch64-linux-gnu/libXext.so - found
[10.321s] -- Looking for gethostbyname
[10.623s] -- Looking for gethostbyname - found
[10.624s] -- Looking for connect
[10.928s] -- Looking for connect - found
[10.929s] -- Looking for remove
[11.232s] -- Looking for remove - found
[11.233s] -- Looking for shmat
[11.526s] -- Looking for shmat - found
[11.527s] -- Looking for IceConnectionNumber in ICE
[11.828s] -- Looking for IceConnectionNumber in ICE - found
[11.842s] -- rviz_ogre_vendor::RenderSystem_GL for IMPORTED_LOCATION_RELEASE: _render_system_gl_static_library_abs-NOTFOUND
[11.842s] -- rviz_ogre_vendor::RenderSystem_GL for IMPORTED_LOCATION_DEBUG: _render_system_gl_static_library_abs-NOTFOUND
[12.189s] -- library: /usr/lib/aarch64-linux-gnu/libcurl.so
[12.442s] -- Setting yaml-cpp_DIR to: '/opt/ros/foxy/share/yaml_cpp_vendor/cmake/../../../opt/yaml_cpp_vendor/lib/cmake/yaml-cpp'
[13.540s] -- Found Eigen3: TRUE  
[13.563s] -- Found ament_lint_auto: 0.9.6 (/opt/ros/foxy/share/ament_lint_auto/cmake)
[13.920s] -- Added test 'copyright' to check source files copyright and LICENSE
[13.945s] -- Added test 'cppcheck' to perform static code analysis on C / C++ code
[13.947s] -- Configured cppcheck include dirs: /home/f1tenth3/f1tenth_ws/src/av-stack/include
[13.947s] -- Configured cppcheck exclude dirs and/or files: 
[13.972s] -- Added test 'cpplint' to check C / C++ code against the Google style
[13.972s] -- Configured cpplint exclude dirs and/or files: 
[13.977s] -- Added test 'flake8' to check Python code syntax and style conventions
[13.985s] -- Added test 'lint_cmake' to check CMake code style
[13.990s] -- Added test 'pep257' to check Python code against some of the style conventions in PEP 257
[14.015s] -- Added test 'uncrustify' to check C / C++ code style
[14.015s] -- Configured uncrustify additional arguments: 
[14.020s] -- Added test 'xmllint' to check XML markup files
[14.042s] -- Configuring done
[14.248s] -- Generating done
[14.260s] -- Build files have been written to: /home/f1tenth3/f1tenth_ws/src/av-stack/build/av-stack
[14.301s] Invoked command in '/home/f1tenth3/f1tenth_ws/src/av-stack/build/av-stack' returned '0': CMAKE_PREFIX_PATH=${CMAKE_PREFIX_PATH}:/opt/ros/foxy /usr/bin/cmake /home/f1tenth3/f1tenth_ws/src/av-stack -DAMENT_CMAKE_SYMLINK_INSTALL=1 -DCMAKE_INSTALL_PREFIX=/home/f1tenth3/f1tenth_ws/src/av-stack/install/av-stack
[14.314s] Invoking command in '/home/f1tenth3/f1tenth_ws/src/av-stack/build/av-stack': CMAKE_PREFIX_PATH=${CMAKE_PREFIX_PATH}:/opt/ros/foxy /usr/bin/cmake --build /home/f1tenth3/f1tenth_ws/src/av-stack/build/av-stack -- -j4 -l4
[14.493s] [35m[1mScanning dependencies of target laser_code[0m
[14.494s] [35m[1mScanning dependencies of target gpio_read[0m
[14.494s] [35m[1mScanning dependencies of target tf_publish_slam[0m
[14.494s] [35m[1mScanning dependencies of target joy_code[0m
[14.692s] [  7%] [32mBuilding CXX object CMakeFiles/joy_code.dir/src/joystick_teleop_control_test.cpp.o[0m
[14.698s] [ 14%] [32mBuilding CXX object CMakeFiles/tf_publish_slam.dir/src/tf_publisher_mapping.cpp.o[0m
[14.806s] [ 21%] [32mBuilding CXX object CMakeFiles/gpio_read.dir/src/gpio_read.cpp.o[0m
[14.850s] [ 28%] [32mBuilding CXX object CMakeFiles/laser_code.dir/src/laser_icp.cpp.o[0m
[15.580s] In file included from [01m[K/home/f1tenth3/f1tenth_ws/src/av-stack/src/laser_icp.cpp:18[m[K:
[15.580s] [01m[K/home/f1tenth3/f1tenth_ws/src/av-stack/include/knn.h:533:[m[K [01;35m[Kwarning: [m[Kignoring #pragma omp parallel [[01;35m[K-Wunknown-pragmas[m[K]
[15.580s]   533 |             #pragma omp parallel for num_threads(threads_)
[15.581s]       | 
[15.581s] [01m[K/home/f1tenth3/f1tenth_ws/src/av-stack/include/knn.h:1219:[m[K [01;35m[Kwarning: [m[Kignoring #pragma omp parallel [[01;35m[K-Wunknown-pragmas[m[K]
[15.581s]  1219 |             #pragma omp parallel for num_threads(threads_)
[15.582s]       | 
[15.582s] In file included from [01m[K/home/f1tenth3/f1tenth_ws/src/av-stack/src/laser_icp.cpp:18[m[K:
[15.582s] [01m[K/home/f1tenth3/f1tenth_ws/src/av-stack/include/knn.h:1464:[m[K [01;35m[Kwarning: [m[Kignoring #pragma omp parallel [[01;35m[K-Wunknown-pragmas[m[K]
[15.582s]  1464 |             #pragma omp parallel for num_threads(threads_)
[15.583s]       | 
[24.225s] [01m[K/home/f1tenth3/f1tenth_ws/src/av-stack/src/gpio_read.cpp:[m[K In constructor ‘[01m[KGPIOTest::GPIOTest()[m[K’:
[24.226s] [01m[K/home/f1tenth3/f1tenth_ws/src/av-stack/src/gpio_read.cpp:37:71:[m[K [01;31m[Kerror: [m[K‘[01m[Ktimer_callback2[m[K’ is not a member of ‘[01m[KGPIOTest[m[K’
[24.227s]    37 |         timer1_ = this->create_wall_timer(600ms, std::bind(&GPIOTest::[01;31m[Ktimer_callback2[m[K, this));
[24.228s]       |                                                                       [01;31m[K^~~~~~~~~~~~~~~[m[K
[26.526s] [01m[K/home/f1tenth3/f1tenth_ws/src/av-stack/src/laser_icp.cpp:[m[K In function ‘[01m[KEigen::VectorXf solver(Eigen::MatrixXf, Eigen::MatrixXf)[m[K’:
[26.527s] [01m[K/home/f1tenth3/f1tenth_ws/src/av-stack/src/laser_icp.cpp:152:9:[m[K [01;35m[Kwarning: [m[Kunused variable ‘[01m[Kret[m[K’ [[01;35m[K-Wunused-variable[m[K]
[26.528s]   152 |     int [01;35m[Kret[m[K = lvm.minimize(x);
[26.528s]       |         [01;35m[K^~~[m[K
[27.269s] make[2]: *** [CMakeFiles/gpio_read.dir/build.make:63: CMakeFiles/gpio_read.dir/src/gpio_read.cpp.o] Error 1
[27.269s] make[1]: *** [CMakeFiles/Makefile2:198: CMakeFiles/gpio_read.dir/all] Error 2
[27.270s] make[1]: *** Waiting for unfinished jobs....
[36.354s] [ 35%] [32m[1mLinking CXX executable joy_code[0m
[36.421s] [ 42%] [32m[1mLinking CXX executable tf_publish_slam[0m
[59.399s] [ 42%] Built target joy_code
[60.719s] [ 42%] Built target tf_publish_slam
[88.096s] [ 50%] [32m[1mLinking CXX executable laser_code[0m
[137.545s] [ 50%] Built target laser_code
[137.549s] make: *** [Makefile:141: all] Error 2
[137.558s] Invoked command in '/home/f1tenth3/f1tenth_ws/src/av-stack/build/av-stack' returned '2': CMAKE_PREFIX_PATH=${CMAKE_PREFIX_PATH}:/opt/ros/foxy /usr/bin/cmake --build /home/f1tenth3/f1tenth_ws/src/av-stack/build/av-stack -- -j4 -l4
