-- Found ament_cmake: 0.9.9 (/opt/ros/foxy/share/ament_cmake/cmake)
-- Using PYTHON_EXECUTABLE: /usr/bin/python3
-- Override CMake install command with custom implementation using symlinks instead of copying resources
-- Found rclcpp: 2.4.1 (/opt/ros/foxy/share/rclcpp/cmake)
-- Using all available rosidl_typesupport_c: rosidl_typesupport_fastrtps_c;rosidl_typesupport_introspection_c
-- Found rosidl_adapter: 1.2.1 (/opt/ros/foxy/share/rosidl_adapter/cmake)
-- Using all available rosidl_typesupport_cpp: rosidl_typesupport_fastrtps_cpp;rosidl_typesupport_introspection_cpp
-- Found rmw_implementation_cmake: 1.0.3 (/opt/ros/foxy/share/rmw_implementation_cmake/cmake)
-- Using RMW implementation 'rmw_fastrtps_cpp' as default
-- Found ackermann_msgs: 2.0.2 (/opt/ros/foxy/share/ackermann_msgs/cmake)
-- Found sensor_msgs: 2.0.5 (/opt/ros/foxy/share/sensor_msgs/cmake)
-- Found nav_msgs: 2.0.5 (/opt/ros/foxy/share/nav_msgs/cmake)
-- Found nav2_msgs: 0.4.7 (/opt/ros/foxy/share/nav2_msgs/cmake)
-- Found tf2_ros: 0.13.13 (/opt/ros/foxy/share/tf2_ros/cmake)
-- Found slam_toolbox: 2.4.1 (/opt/ros/foxy/share/slam_toolbox/cmake)
-- Found eigen3_cmake_module: 0.1.1 (/opt/ros/foxy/share/eigen3_cmake_module/cmake)
-- Found Eigen3: TRUE (found version "3.4.90") 
-- Setting OGRE_DIR to: '/opt/ros/foxy/share/rviz_ogre_vendor/cmake/../../../opt/rviz_ogre_vendor/lib/OGRE/cmake'
-- Found OGRE
--   static     : OFF
--   components : HLMS;MeshLodGenerator;Overlay;Paging;Property;RTShaderSystem;Terrain;Volume
--   plugins    : Plugin_BSPSceneManager;Plugin_OctreeSceneManager;Plugin_PCZSceneManager;Plugin_ParticleFX;RenderSystem_GL;RenderSystem_GL3Plus;Codec_STBI
--   media      : /opt/ros/foxy/opt/rviz_ogre_vendor/share/OGRE/Media
-- OGRE_LIBRARIES: OgreHLMS;OgreMeshLodGenerator;OgreOverlay;OgrePaging;OgreProperty;OgreRTShaderSystem;OgreTerrain;OgreVolume;OgreMain
-- OGRE_LIBRARY_DIRS: /opt/ros/foxy/opt/rviz_ogre_vendor/lib
-- OGRE_PLUGINS: Plugin_BSPSceneManager;Plugin_OctreeSceneManager;Plugin_PCZSceneManager;Plugin_ParticleFX;RenderSystem_GL;RenderSystem_GL3Plus;Codec_STBI
-- OGRE_PLUGIN_DIR: /opt/ros/foxy/opt/rviz_ogre_vendor/lib/OGRE
-- rviz_ogre_vendor::OgreOverlay for IMPORTED_LOCATION_RELEASE: /opt/ros/foxy/opt/rviz_ogre_vendor/lib/libOgreOverlay.so
-- rviz_ogre_vendor::OgreOverlay for IMPORTED_LOCATION_DEBUG: /opt/ros/foxy/opt/rviz_ogre_vendor/lib/libOgreOverlay.so
-- rviz_ogre_vendor::OgreMain for IMPORTED_LOCATION_RELEASE: /opt/ros/foxy/opt/rviz_ogre_vendor/lib/libOgreMain.so
-- rviz_ogre_vendor::OgreMain for IMPORTED_LOCATION_DEBUG: /opt/ros/foxy/opt/rviz_ogre_vendor/lib/libOgreMain.so
-- Could not find freeimage library
-- rviz_ogre_vendor::RenderSystem_GL for IMPORTED_LOCATION_RELEASE: _render_system_gl_static_library_abs-NOTFOUND
-- rviz_ogre_vendor::RenderSystem_GL for IMPORTED_LOCATION_DEBUG: _render_system_gl_static_library_abs-NOTFOUND
-- library: /usr/lib/aarch64-linux-gnu/libcurl.so
-- Setting yaml-cpp_DIR to: '/opt/ros/foxy/share/yaml_cpp_vendor/cmake/../../../opt/yaml_cpp_vendor/lib/cmake/yaml-cpp'
-- Found Eigen3: TRUE  
-- Found ament_lint_auto: 0.9.6 (/opt/ros/foxy/share/ament_lint_auto/cmake)
-- Added test 'copyright' to check source files copyright and LICENSE
-- Added test 'cppcheck' to perform static code analysis on C / C++ code
-- Configured cppcheck include dirs: /home/f1tenth3/f1tenth_ws/src/av-stack/include
-- Configured cppcheck exclude dirs and/or files: 
-- Added test 'cpplint' to check C / C++ code against the Google style
-- Configured cpplint exclude dirs and/or files: 
-- Added test 'flake8' to check Python code syntax and style conventions
-- Added test 'lint_cmake' to check CMake code style
-- Added test 'pep257' to check Python code against some of the style conventions in PEP 257
-- Added test 'uncrustify' to check C / C++ code style
-- Configured uncrustify additional arguments: 
-- Added test 'xmllint' to check XML markup files
-- Configuring done
-- Generating done
-- Build files have been written to: /home/f1tenth3/f1tenth_ws/src/av-stack/build/av-stack
[35m[1mScanning dependencies of target gpio_read[0m
[ 14%] Built target joy_code
[ 28%] Built target tf_publish_slam
[ 42%] Built target laser_code
[35m[1mScanning dependencies of target gpio_write[0m
[ 50%] [32mBuilding CXX object CMakeFiles/gpio_read.dir/src/gpio_read.cpp.o[0m
[ 64%] Built target gpio_code
[ 78%] Built target tf_publish
[ 85%] [32mBuilding CXX object CMakeFiles/gpio_write.dir/src/gpio_write.cpp.o[0m
[ 92%] [32m[1mLinking CXX executable gpio_write[0m
[ 92%] Built target gpio_write
[100%] [32m[1mLinking CXX executable gpio_read[0m
[100%] Built target gpio_read
-- Install configuration: ""
-- Execute custom install script
-- Up-to-date symlink: /home/f1tenth3/f1tenth_ws/src/av-stack/install/av-stack/lib/av-stack/joy_code
-- Up-to-date symlink: /home/f1tenth3/f1tenth_ws/src/av-stack/install/av-stack/lib/av-stack/laser_code
-- Up-to-date symlink: /home/f1tenth3/f1tenth_ws/src/av-stack/install/av-stack/lib/av-stack/gpio_code
-- Up-to-date symlink: /home/f1tenth3/f1tenth_ws/src/av-stack/install/av-stack/lib/av-stack/gpio_read
-- Up-to-date symlink: /home/f1tenth3/f1tenth_ws/src/av-stack/install/av-stack/lib/av-stack/gpio_write
-- Up-to-date symlink: /home/f1tenth3/f1tenth_ws/src/av-stack/install/av-stack/lib/av-stack/tf_publish
-- Up-to-date symlink: /home/f1tenth3/f1tenth_ws/src/av-stack/install/av-stack/lib/av-stack/tf_publish_slam
-- Up-to-date symlink: /home/f1tenth3/f1tenth_ws/src/av-stack/install/av-stack/share/av-stack/launch/bringup_script.py
-- Up-to-date symlink: /home/f1tenth3/f1tenth_ws/src/av-stack/install/av-stack/share/av-stack/launch/bringup_script.py.save
-- Up-to-date symlink: /home/f1tenth3/f1tenth_ws/src/av-stack/install/av-stack/share/av-stack/launch/nav2.launch.py
-- Up-to-date symlink: /home/f1tenth3/f1tenth_ws/src/av-stack/install/av-stack/share/av-stack/launch/pf_test.launch.py
-- Up-to-date symlink: /home/f1tenth3/f1tenth_ws/src/av-stack/install/av-stack/share/av-stack/launch/run_amcl.launch.py
-- Up-to-date symlink: /home/f1tenth3/f1tenth_ws/src/av-stack/install/av-stack/share/av-stack/launch/run_mpc.launch.py
-- Up-to-date symlink: /home/f1tenth3/f1tenth_ws/src/av-stack/install/av-stack/share/av-stack/launch/run_pid.launch.py
-- Up-to-date symlink: /home/f1tenth3/f1tenth_ws/src/av-stack/install/av-stack/share/av-stack/launch/run_slam_async.launch.py
-- Up-to-date symlink: /home/f1tenth3/f1tenth_ws/src/av-stack/install/av-stack/share/av-stack/launch/run_slam_async_auto.launch.py
-- Up-to-date symlink: /home/f1tenth3/f1tenth_ws/src/av-stack/install/av-stack/share/av-stack/launch/run_teleop.launch.py
-- Up-to-date symlink: /home/f1tenth3/f1tenth_ws/src/av-stack/install/av-stack/share/av-stack/description/racecar.xacro
-- Up-to-date symlink: /home/f1tenth3/f1tenth_ws/src/av-stack/install/av-stack/share/av-stack/description/rviz_launch.rviz
-- Up-to-date symlink: /home/f1tenth3/f1tenth_ws/src/av-stack/install/av-stack/share/av-stack/description/slam_toolbox_default.rviz
-- Up-to-date symlink: /home/f1tenth3/f1tenth_ws/src/av-stack/install/av-stack/share/av-stack/config/amcl.yaml
-- Up-to-date symlink: /home/f1tenth3/f1tenth_ws/src/av-stack/install/av-stack/share/av-stack/config/ekf.yaml
-- Up-to-date symlink: /home/f1tenth3/f1tenth_ws/src/av-stack/install/av-stack/share/av-stack/config/f1tenth_cmu_lifelong.yaml
-- Up-to-date symlink: /home/f1tenth3/f1tenth_ws/src/av-stack/install/av-stack/share/av-stack/config/f1tenth_cmu_online_async.yaml
-- Up-to-date symlink: /home/f1tenth3/f1tenth_ws/src/av-stack/install/av-stack/share/av-stack/config/joy_teleop.yaml
-- Up-to-date symlink: /home/f1tenth3/f1tenth_ws/src/av-stack/install/av-stack/share/av-stack/config/mux.yaml
-- Up-to-date symlink: /home/f1tenth3/f1tenth_ws/src/av-stack/install/av-stack/share/av-stack/config/nav2.yaml
-- Up-to-date symlink: /home/f1tenth3/f1tenth_ws/src/av-stack/install/av-stack/share/av-stack/config/sensors.yaml
-- Up-to-date symlink: /home/f1tenth3/f1tenth_ws/src/av-stack/install/av-stack/share/av-stack/config/sim_time.yaml
-- Up-to-date symlink: /home/f1tenth3/f1tenth_ws/src/av-stack/install/av-stack/share/av-stack/config/vesc.yaml
-- Up-to-date symlink: /home/f1tenth3/f1tenth_ws/src/av-stack/install/av-stack/share/ament_index/resource_index/package_run_dependencies/av-stack
-- Up-to-date symlink: /home/f1tenth3/f1tenth_ws/src/av-stack/install/av-stack/share/ament_index/resource_index/parent_prefix_path/av-stack
-- Up-to-date symlink: /home/f1tenth3/f1tenth_ws/src/av-stack/install/av-stack/share/av-stack/environment/ament_prefix_path.sh
-- Up-to-date symlink: /home/f1tenth3/f1tenth_ws/src/av-stack/install/av-stack/share/av-stack/environment/ament_prefix_path.dsv
-- Up-to-date symlink: /home/f1tenth3/f1tenth_ws/src/av-stack/install/av-stack/share/av-stack/environment/path.sh
-- Up-to-date symlink: /home/f1tenth3/f1tenth_ws/src/av-stack/install/av-stack/share/av-stack/environment/path.dsv
-- Up-to-date symlink: /home/f1tenth3/f1tenth_ws/src/av-stack/install/av-stack/share/av-stack/local_setup.bash
-- Up-to-date symlink: /home/f1tenth3/f1tenth_ws/src/av-stack/install/av-stack/share/av-stack/local_setup.sh
-- Up-to-date symlink: /home/f1tenth3/f1tenth_ws/src/av-stack/install/av-stack/share/av-stack/local_setup.zsh
-- Up-to-date symlink: /home/f1tenth3/f1tenth_ws/src/av-stack/install/av-stack/share/av-stack/local_setup.dsv
-- Symlinking: /home/f1tenth3/f1tenth_ws/src/av-stack/install/av-stack/share/av-stack/package.dsv
-- Up-to-date symlink: /home/f1tenth3/f1tenth_ws/src/av-stack/install/av-stack/share/ament_index/resource_index/packages/av-stack
-- Up-to-date symlink: /home/f1tenth3/f1tenth_ws/src/av-stack/install/av-stack/share/av-stack/cmake/av-stackConfig.cmake
-- Up-to-date symlink: /home/f1tenth3/f1tenth_ws/src/av-stack/install/av-stack/share/av-stack/cmake/av-stackConfig-version.cmake
-- Up-to-date symlink: /home/f1tenth3/f1tenth_ws/src/av-stack/install/av-stack/share/av-stack/package.xml
