[0.086s] Invoking command in '/home/f1tenth3/f1tenth_ws/src/av-stack/build/av-stack': CMAKE_PREFIX_PATH=${CMAKE_PREFIX_PATH}:/opt/ros/foxy /usr/bin/cmake --build /home/f1tenth3/f1tenth_ws/src/av-stack/build/av-stack -- -j4 -l4
[0.197s] -- Found ament_cmake: 0.9.9 (/opt/ros/foxy/share/ament_cmake/cmake)
[0.278s] -- Using PYTHON_EXECUTABLE: /usr/bin/python3
[0.889s] -- Override CMake install command with custom implementation using symlinks instead of copying resources
[0.916s] -- Found rclcpp: 2.4.1 (/opt/ros/foxy/share/rclcpp/cmake)
[1.033s] -- Using all available rosidl_typesupport_c: rosidl_typesupport_fastrtps_c;rosidl_typesupport_introspection_c
[1.044s] -- Found rosidl_adapter: 1.2.1 (/opt/ros/foxy/share/rosidl_adapter/cmake)
[1.459s] -- Using all available rosidl_typesupport_cpp: rosidl_typesupport_fastrtps_cpp;rosidl_typesupport_introspection_cpp
[1.620s] -- Found rmw_implementation_cmake: 1.0.3 (/opt/ros/foxy/share/rmw_implementation_cmake/cmake)
[1.626s] -- Using RMW implementation 'rmw_fastrtps_cpp' as default
[2.052s] -- Found ackermann_msgs: 2.0.2 (/opt/ros/foxy/share/ackermann_msgs/cmake)
[2.149s] -- Found sensor_msgs: 2.0.5 (/opt/ros/foxy/share/sensor_msgs/cmake)
[2.461s] -- Found nav_msgs: 2.0.5 (/opt/ros/foxy/share/nav_msgs/cmake)
[2.650s] -- Found nav2_msgs: 0.4.7 (/opt/ros/foxy/share/nav2_msgs/cmake)
[3.337s] -- Found tf2_ros: 0.13.13 (/opt/ros/foxy/share/tf2_ros/cmake)
[4.087s] -- Found slam_toolbox: 2.4.1 (/opt/ros/foxy/share/slam_toolbox/cmake)
[4.972s] -- Found eigen3_cmake_module: 0.1.1 (/opt/ros/foxy/share/eigen3_cmake_module/cmake)
[4.976s] -- Found Eigen3: TRUE (found version "3.4.90") 
[5.211s] -- Setting OGRE_DIR to: '/opt/ros/foxy/share/rviz_ogre_vendor/cmake/../../../opt/rviz_ogre_vendor/lib/OGRE/cmake'
[5.219s] -- Found OGRE
[5.219s] --   static     : OFF
[5.220s] --   components : HLMS;MeshLodGenerator;Overlay;Paging;Property;RTShaderSystem;Terrain;Volume
[5.220s] --   plugins    : Plugin_BSPSceneManager;Plugin_OctreeSceneManager;Plugin_PCZSceneManager;Plugin_ParticleFX;RenderSystem_GL;RenderSystem_GL3Plus;Codec_STBI
[5.220s] --   media      : /opt/ros/foxy/opt/rviz_ogre_vendor/share/OGRE/Media
[5.221s] -- OGRE_LIBRARIES: OgreHLMS;OgreMeshLodGenerator;OgreOverlay;OgrePaging;OgreProperty;OgreRTShaderSystem;OgreTerrain;OgreVolume;OgreMain
[5.221s] -- OGRE_LIBRARY_DIRS: /opt/ros/foxy/opt/rviz_ogre_vendor/lib
[5.221s] -- OGRE_PLUGINS: Plugin_BSPSceneManager;Plugin_OctreeSceneManager;Plugin_PCZSceneManager;Plugin_ParticleFX;RenderSystem_GL;RenderSystem_GL3Plus;Codec_STBI
[5.222s] -- OGRE_PLUGIN_DIR: /opt/ros/foxy/opt/rviz_ogre_vendor/lib/OGRE
[5.222s] -- rviz_ogre_vendor::OgreOverlay for IMPORTED_LOCATION_RELEASE: /opt/ros/foxy/opt/rviz_ogre_vendor/lib/libOgreOverlay.so
[5.222s] -- rviz_ogre_vendor::OgreOverlay for IMPORTED_LOCATION_DEBUG: /opt/ros/foxy/opt/rviz_ogre_vendor/lib/libOgreOverlay.so
[5.223s] -- rviz_ogre_vendor::OgreMain for IMPORTED_LOCATION_RELEASE: /opt/ros/foxy/opt/rviz_ogre_vendor/lib/libOgreMain.so
[5.223s] -- rviz_ogre_vendor::OgreMain for IMPORTED_LOCATION_DEBUG: /opt/ros/foxy/opt/rviz_ogre_vendor/lib/libOgreMain.so
[5.227s] -- Could not find freeimage library
[5.361s] -- rviz_ogre_vendor::RenderSystem_GL for IMPORTED_LOCATION_RELEASE: _render_system_gl_static_library_abs-NOTFOUND
[5.361s] -- rviz_ogre_vendor::RenderSystem_GL for IMPORTED_LOCATION_DEBUG: _render_system_gl_static_library_abs-NOTFOUND
[5.434s] -- library: /usr/lib/aarch64-linux-gnu/libcurl.so
[5.646s] -- Setting yaml-cpp_DIR to: '/opt/ros/foxy/share/yaml_cpp_vendor/cmake/../../../opt/yaml_cpp_vendor/lib/cmake/yaml-cpp'
[6.708s] -- Found Eigen3: TRUE  
[6.717s] -- Found ament_lint_auto: 0.9.6 (/opt/ros/foxy/share/ament_lint_auto/cmake)
[7.002s] -- Added test 'copyright' to check source files copyright and LICENSE
[7.064s] -- Added test 'cppcheck' to perform static code analysis on C / C++ code
[7.066s] -- Configured cppcheck include dirs: /home/f1tenth3/f1tenth_ws/src/av-stack/include
[7.066s] -- Configured cppcheck exclude dirs and/or files: 
[7.126s] -- Added test 'cpplint' to check C / C++ code against the Google style
[7.126s] -- Configured cpplint exclude dirs and/or files: 
[7.135s] -- Added test 'flake8' to check Python code syntax and style conventions
[7.150s] -- Added test 'lint_cmake' to check CMake code style
[7.159s] -- Added test 'pep257' to check Python code against some of the style conventions in PEP 257
[7.219s] -- Added test 'uncrustify' to check C / C++ code style
[7.220s] -- Configured uncrustify additional arguments: 
[7.228s] -- Added test 'xmllint' to check XML markup files
[7.245s] -- Configuring done
[7.448s] -- Generating done
[7.461s] -- Build files have been written to: /home/f1tenth3/f1tenth_ws/src/av-stack/build/av-stack
[7.589s] [35m[1mScanning dependencies of target gpio_read[0m
[7.663s] [ 14%] Built target joy_code
[7.666s] [ 28%] Built target tf_publish_slam
[7.692s] [ 42%] Built target laser_code
[7.724s] [35m[1mScanning dependencies of target gpio_write[0m
[7.770s] [ 50%] [32mBuilding CXX object CMakeFiles/gpio_read.dir/src/gpio_read.cpp.o[0m
[7.831s] [ 64%] Built target gpio_code
[7.836s] [ 78%] Built target tf_publish
[7.886s] [ 85%] [32mBuilding CXX object CMakeFiles/gpio_write.dir/src/gpio_write.cpp.o[0m
[18.800s] [ 92%] [32m[1mLinking CXX executable gpio_write[0m
[20.724s] [ 92%] Built target gpio_write
[22.085s] [100%] [32m[1mLinking CXX executable gpio_read[0m
[30.207s] [100%] Built target gpio_read
[30.260s] Invoked command in '/home/f1tenth3/f1tenth_ws/src/av-stack/build/av-stack' returned '0': CMAKE_PREFIX_PATH=${CMAKE_PREFIX_PATH}:/opt/ros/foxy /usr/bin/cmake --build /home/f1tenth3/f1tenth_ws/src/av-stack/build/av-stack -- -j4 -l4
[30.488s] Invoking command in '/home/f1tenth3/f1tenth_ws/src/av-stack/build/av-stack': CMAKE_PREFIX_PATH=${CMAKE_PREFIX_PATH}:/opt/ros/foxy /usr/bin/cmake --install /home/f1tenth3/f1tenth_ws/src/av-stack/build/av-stack
[30.520s] -- Install configuration: ""
[30.521s] -- Execute custom install script
[30.524s] -- Up-to-date symlink: /home/f1tenth3/f1tenth_ws/src/av-stack/install/av-stack/lib/av-stack/joy_code
[30.525s] -- Up-to-date symlink: /home/f1tenth3/f1tenth_ws/src/av-stack/install/av-stack/lib/av-stack/laser_code
[30.527s] -- Up-to-date symlink: /home/f1tenth3/f1tenth_ws/src/av-stack/install/av-stack/lib/av-stack/gpio_code
[30.528s] -- Up-to-date symlink: /home/f1tenth3/f1tenth_ws/src/av-stack/install/av-stack/lib/av-stack/gpio_read
[30.529s] -- Up-to-date symlink: /home/f1tenth3/f1tenth_ws/src/av-stack/install/av-stack/lib/av-stack/gpio_write
[30.530s] -- Up-to-date symlink: /home/f1tenth3/f1tenth_ws/src/av-stack/install/av-stack/lib/av-stack/tf_publish
[30.532s] -- Up-to-date symlink: /home/f1tenth3/f1tenth_ws/src/av-stack/install/av-stack/lib/av-stack/tf_publish_slam
[30.534s] -- Up-to-date symlink: /home/f1tenth3/f1tenth_ws/src/av-stack/install/av-stack/share/av-stack/launch/bringup_script.py
[30.535s] -- Up-to-date symlink: /home/f1tenth3/f1tenth_ws/src/av-stack/install/av-stack/share/av-stack/launch/bringup_script.py.save
[30.536s] -- Up-to-date symlink: /home/f1tenth3/f1tenth_ws/src/av-stack/install/av-stack/share/av-stack/launch/nav2.launch.py
[30.537s] -- Up-to-date symlink: /home/f1tenth3/f1tenth_ws/src/av-stack/install/av-stack/share/av-stack/launch/pf_test.launch.py
[30.537s] -- Up-to-date symlink: /home/f1tenth3/f1tenth_ws/src/av-stack/install/av-stack/share/av-stack/launch/run_amcl.launch.py
[30.538s] -- Up-to-date symlink: /home/f1tenth3/f1tenth_ws/src/av-stack/install/av-stack/share/av-stack/launch/run_mpc.launch.py
[30.539s] -- Up-to-date symlink: /home/f1tenth3/f1tenth_ws/src/av-stack/install/av-stack/share/av-stack/launch/run_pid.launch.py
[30.539s] -- Up-to-date symlink: /home/f1tenth3/f1tenth_ws/src/av-stack/install/av-stack/share/av-stack/launch/run_slam_async.launch.py
[30.540s] -- Up-to-date symlink: /home/f1tenth3/f1tenth_ws/src/av-stack/install/av-stack/share/av-stack/launch/run_slam_async_auto.launch.py
[30.541s] -- Up-to-date symlink: /home/f1tenth3/f1tenth_ws/src/av-stack/install/av-stack/share/av-stack/launch/run_teleop.launch.py
[30.543s] -- Up-to-date symlink: /home/f1tenth3/f1tenth_ws/src/av-stack/install/av-stack/share/av-stack/description/racecar.xacro
[30.544s] -- Up-to-date symlink: /home/f1tenth3/f1tenth_ws/src/av-stack/install/av-stack/share/av-stack/description/rviz_launch.rviz
[30.544s] -- Up-to-date symlink: /home/f1tenth3/f1tenth_ws/src/av-stack/install/av-stack/share/av-stack/description/slam_toolbox_default.rviz
[30.547s] -- Up-to-date symlink: /home/f1tenth3/f1tenth_ws/src/av-stack/install/av-stack/share/av-stack/config/amcl.yaml
[30.547s] -- Up-to-date symlink: /home/f1tenth3/f1tenth_ws/src/av-stack/install/av-stack/share/av-stack/config/ekf.yaml
[30.548s] -- Up-to-date symlink: /home/f1tenth3/f1tenth_ws/src/av-stack/install/av-stack/share/av-stack/config/f1tenth_cmu_lifelong.yaml
[30.549s] -- Up-to-date symlink: /home/f1tenth3/f1tenth_ws/src/av-stack/install/av-stack/share/av-stack/config/f1tenth_cmu_online_async.yaml
[30.549s] -- Up-to-date symlink: /home/f1tenth3/f1tenth_ws/src/av-stack/install/av-stack/share/av-stack/config/joy_teleop.yaml
[30.550s] -- Up-to-date symlink: /home/f1tenth3/f1tenth_ws/src/av-stack/install/av-stack/share/av-stack/config/mux.yaml
[30.551s] -- Up-to-date symlink: /home/f1tenth3/f1tenth_ws/src/av-stack/install/av-stack/share/av-stack/config/nav2.yaml
[30.552s] -- Up-to-date symlink: /home/f1tenth3/f1tenth_ws/src/av-stack/install/av-stack/share/av-stack/config/sensors.yaml
[30.552s] -- Up-to-date symlink: /home/f1tenth3/f1tenth_ws/src/av-stack/install/av-stack/share/av-stack/config/sim_time.yaml
[30.553s] -- Up-to-date symlink: /home/f1tenth3/f1tenth_ws/src/av-stack/install/av-stack/share/av-stack/config/vesc.yaml
[30.554s] -- Up-to-date symlink: /home/f1tenth3/f1tenth_ws/src/av-stack/install/av-stack/share/ament_index/resource_index/package_run_dependencies/av-stack
[30.555s] -- Up-to-date symlink: /home/f1tenth3/f1tenth_ws/src/av-stack/install/av-stack/share/ament_index/resource_index/parent_prefix_path/av-stack
[30.556s] -- Up-to-date symlink: /home/f1tenth3/f1tenth_ws/src/av-stack/install/av-stack/share/av-stack/environment/ament_prefix_path.sh
[30.558s] -- Up-to-date symlink: /home/f1tenth3/f1tenth_ws/src/av-stack/install/av-stack/share/av-stack/environment/ament_prefix_path.dsv
[30.559s] -- Up-to-date symlink: /home/f1tenth3/f1tenth_ws/src/av-stack/install/av-stack/share/av-stack/environment/path.sh
[30.560s] -- Up-to-date symlink: /home/f1tenth3/f1tenth_ws/src/av-stack/install/av-stack/share/av-stack/environment/path.dsv
[30.561s] -- Up-to-date symlink: /home/f1tenth3/f1tenth_ws/src/av-stack/install/av-stack/share/av-stack/local_setup.bash
[30.562s] -- Up-to-date symlink: /home/f1tenth3/f1tenth_ws/src/av-stack/install/av-stack/share/av-stack/local_setup.sh
[30.563s] -- Up-to-date symlink: /home/f1tenth3/f1tenth_ws/src/av-stack/install/av-stack/share/av-stack/local_setup.zsh
[30.564s] -- Up-to-date symlink: /home/f1tenth3/f1tenth_ws/src/av-stack/install/av-stack/share/av-stack/local_setup.dsv
[30.565s] -- Symlinking: /home/f1tenth3/f1tenth_ws/src/av-stack/install/av-stack/share/av-stack/package.dsv
[30.600s] -- Up-to-date symlink: /home/f1tenth3/f1tenth_ws/src/av-stack/install/av-stack/share/ament_index/resource_index/packages/av-stack
[30.601s] -- Up-to-date symlink: /home/f1tenth3/f1tenth_ws/src/av-stack/install/av-stack/share/av-stack/cmake/av-stackConfig.cmake
[30.602s] -- Up-to-date symlink: /home/f1tenth3/f1tenth_ws/src/av-stack/install/av-stack/share/av-stack/cmake/av-stackConfig-version.cmake
[30.603s] -- Up-to-date symlink: /home/f1tenth3/f1tenth_ws/src/av-stack/install/av-stack/share/av-stack/package.xml
[30.614s] Invoked command in '/home/f1tenth3/f1tenth_ws/src/av-stack/build/av-stack' returned '0': CMAKE_PREFIX_PATH=${CMAKE_PREFIX_PATH}:/opt/ros/foxy /usr/bin/cmake --install /home/f1tenth3/f1tenth_ws/src/av-stack/build/av-stack
