[0.523s] DEBUG:colcon:Command line arguments: ['/usr/bin/colcon', 'build', '--symlink-install', '--packages-select', 'av-stack']
[0.524s] DEBUG:colcon:Parsed command line arguments: Namespace(ament_cmake_args=None, base_paths=['.'], build_base='build', catkin_cmake_args=None, catkin_skip_building_tests=False, cmake_args=None, cmake_clean_cache=False, cmake_clean_first=False, cmake_force_configure=False, cmake_target=None, cmake_target_skip_unavailable=False, continue_on_error=False, event_handlers=None, executor='parallel', ignore_user_meta=False, install_base='install', log_base=None, log_level=None, main=<bound method BuildVerb.main of <colcon_core.verb.build.BuildVerb object at 0xffffaa0df0d0>>, merge_install=False, metas=['./colcon.meta'], packages_above=None, packages_above_and_dependencies=None, packages_above_depth=None, packages_end=None, packages_ignore=None, packages_ignore_regex=None, packages_select=['av-stack'], packages_select_build_failed=False, packages_select_by_dep=None, packages_select_regex=None, packages_select_test_failures=False, packages_skip=None, packages_skip_build_finished=False, packages_skip_by_dep=None, packages_skip_regex=None, packages_skip_test_passed=False, packages_skip_up_to=None, packages_start=None, packages_up_to=None, packages_up_to_regex=None, parallel_workers=4, paths=None, symlink_install=True, test_result_base=None, verb_extension=<colcon_core.verb.build.BuildVerb object at 0xffffaa0df0d0>, verb_name='build', verb_parser=<colcon_defaults.argument_parser.defaults.DefaultArgumentsDecorator object at 0xffffaa0df610>)
[0.616s] Level 1:colcon.colcon_core.package_discovery:discover_packages(colcon_meta) check parameters
[0.617s] Level 1:colcon.colcon_core.package_discovery:discover_packages(recursive) check parameters
[0.617s] Level 1:colcon.colcon_core.package_discovery:discover_packages(ignore) check parameters
[0.617s] Level 1:colcon.colcon_core.package_discovery:discover_packages(path) check parameters
[0.617s] Level 1:colcon.colcon_core.package_discovery:discover_packages(colcon_meta) discover
[0.618s] Level 1:colcon.colcon_core.package_discovery:discover_packages(recursive) discover
[0.618s] INFO:colcon.colcon_core.package_discovery:Crawling recursively for packages in '/home/f1tenth3/f1tenth_ws/src/av-stack'
[0.618s] Level 1:colcon.colcon_core.package_identification:_identify(.) by extensions ['ignore', 'ignore_ament_install']
[0.619s] Level 1:colcon.colcon_core.package_identification:_identify(.) by extension 'ignore'
[0.619s] Level 1:colcon.colcon_core.package_identification:_identify(.) by extension 'ignore_ament_install'
[0.619s] Level 1:colcon.colcon_core.package_identification:_identify(.) by extensions ['colcon_pkg']
[0.619s] Level 1:colcon.colcon_core.package_identification:_identify(.) by extension 'colcon_pkg'
[0.619s] Level 1:colcon.colcon_core.package_identification:_identify(.) by extensions ['colcon_meta']
[0.619s] Level 1:colcon.colcon_core.package_identification:_identify(.) by extension 'colcon_meta'
[0.620s] Level 1:colcon.colcon_core.package_identification:_identify(.) by extensions ['ros']
[0.620s] Level 1:colcon.colcon_core.package_identification:_identify(.) by extension 'ros'
[0.669s] DEBUG:colcon.colcon_core.package_identification:Package '.' with type 'ros.ament_cmake' and name 'av-stack'
[0.669s] Level 1:colcon.colcon_core.package_discovery:discover_packages(recursive) using defaults
[0.670s] Level 1:colcon.colcon_core.package_discovery:discover_packages(ignore) discover
[0.670s] Level 1:colcon.colcon_core.package_discovery:discover_packages(ignore) using defaults
[0.670s] Level 1:colcon.colcon_core.package_discovery:discover_packages(path) discover
[0.670s] Level 1:colcon.colcon_core.package_discovery:discover_packages(path) using defaults
[0.780s] Level 5:colcon.colcon_core.verb:set package 'av-stack' build argument 'cmake_args' from command line to 'None'
[0.780s] Level 5:colcon.colcon_core.verb:set package 'av-stack' build argument 'cmake_target' from command line to 'None'
[0.780s] Level 5:colcon.colcon_core.verb:set package 'av-stack' build argument 'cmake_target_skip_unavailable' from command line to 'False'
[0.780s] Level 5:colcon.colcon_core.verb:set package 'av-stack' build argument 'cmake_clean_cache' from command line to 'False'
[0.781s] Level 5:colcon.colcon_core.verb:set package 'av-stack' build argument 'cmake_clean_first' from command line to 'False'
[0.781s] Level 5:colcon.colcon_core.verb:set package 'av-stack' build argument 'cmake_force_configure' from command line to 'False'
[0.781s] Level 5:colcon.colcon_core.verb:set package 'av-stack' build argument 'ament_cmake_args' from command line to 'None'
[0.781s] Level 5:colcon.colcon_core.verb:set package 'av-stack' build argument 'catkin_cmake_args' from command line to 'None'
[0.781s] Level 5:colcon.colcon_core.verb:set package 'av-stack' build argument 'catkin_skip_building_tests' from command line to 'False'
[0.781s] DEBUG:colcon.colcon_core.verb:Building package 'av-stack' with the following arguments: {'ament_cmake_args': None, 'build_base': '/home/f1tenth3/f1tenth_ws/src/av-stack/build/av-stack', 'catkin_cmake_args': None, 'catkin_skip_building_tests': False, 'cmake_args': None, 'cmake_clean_cache': False, 'cmake_clean_first': False, 'cmake_force_configure': False, 'cmake_target': None, 'cmake_target_skip_unavailable': False, 'install_base': '/home/f1tenth3/f1tenth_ws/src/av-stack/install/av-stack', 'merge_install': False, 'path': '/home/f1tenth3/f1tenth_ws/src/av-stack', 'symlink_install': True, 'test_result_base': None}
[0.785s] INFO:colcon.colcon_core.executor:Executing jobs using 'parallel' executor
[0.808s] DEBUG:colcon.colcon_parallel_executor.executor.parallel:run_until_complete
[0.810s] INFO:colcon.colcon_ros.task.ament_cmake.build:Building ROS package in '/home/f1tenth3/f1tenth_ws/src/av-stack' with build type 'ament_cmake'
[0.810s] INFO:colcon.colcon_cmake.task.cmake.build:Building CMake package in '/home/f1tenth3/f1tenth_ws/src/av-stack'
[0.829s] INFO:colcon.colcon_core.plugin_system:Skipping extension 'colcon_core.shell.bat': Not used on non-Windows systems
[0.830s] INFO:colcon.colcon_core.shell:Skip shell extension 'powershell' for command environment: Not usable outside of PowerShell
[0.831s] DEBUG:colcon.colcon_core.shell:Skip shell extension 'dsv' for command environment
[0.893s] DEBUG:colcon.colcon_core.event_handler.log_command:Invoking command in '/home/f1tenth3/f1tenth_ws/src/av-stack/build/av-stack': CMAKE_PREFIX_PATH=${CMAKE_PREFIX_PATH}:/opt/ros/foxy /usr/bin/cmake /home/f1tenth3/f1tenth_ws/src/av-stack -DAMENT_CMAKE_SYMLINK_INSTALL=1 -DCMAKE_INSTALL_PREFIX=/home/f1tenth3/f1tenth_ws/src/av-stack/install/av-stack
[15.111s] DEBUG:colcon.colcon_core.event_handler.log_command:Invoked command in '/home/f1tenth3/f1tenth_ws/src/av-stack/build/av-stack' returned '0': CMAKE_PREFIX_PATH=${CMAKE_PREFIX_PATH}:/opt/ros/foxy /usr/bin/cmake /home/f1tenth3/f1tenth_ws/src/av-stack -DAMENT_CMAKE_SYMLINK_INSTALL=1 -DCMAKE_INSTALL_PREFIX=/home/f1tenth3/f1tenth_ws/src/av-stack/install/av-stack
[15.126s] DEBUG:colcon.colcon_core.event_handler.log_command:Invoking command in '/home/f1tenth3/f1tenth_ws/src/av-stack/build/av-stack': CMAKE_PREFIX_PATH=${CMAKE_PREFIX_PATH}:/opt/ros/foxy /usr/bin/cmake --build /home/f1tenth3/f1tenth_ws/src/av-stack/build/av-stack -- -j4 -l4
[138.368s] DEBUG:colcon.colcon_core.event_handler.log_command:Invoked command in '/home/f1tenth3/f1tenth_ws/src/av-stack/build/av-stack' returned '2': CMAKE_PREFIX_PATH=${CMAKE_PREFIX_PATH}:/opt/ros/foxy /usr/bin/cmake --build /home/f1tenth3/f1tenth_ws/src/av-stack/build/av-stack -- -j4 -l4
[138.562s] Level 1:colcon.colcon_core.environment:create_environment_scripts_only(av-stack)
[138.591s] Level 1:colcon.colcon_core.environment:checking '/home/f1tenth3/f1tenth_ws/src/av-stack/install/av-stack' for CMake module files
[138.593s] Level 1:colcon.colcon_core.environment:checking '/home/f1tenth3/f1tenth_ws/src/av-stack/install/av-stack' for CMake config files
[138.594s] Level 1:colcon.colcon_core.environment:checking '/home/f1tenth3/f1tenth_ws/src/av-stack/install/av-stack/bin'
[138.595s] Level 1:colcon.colcon_core.environment:checking '/home/f1tenth3/f1tenth_ws/src/av-stack/install/av-stack/lib/pkgconfig/av-stack.pc'
[138.598s] Level 1:colcon.colcon_core.environment:checking '/home/f1tenth3/f1tenth_ws/src/av-stack/install/av-stack/lib/python3.8/site-packages'
[138.598s] Level 1:colcon.colcon_core.environment:checking '/home/f1tenth3/f1tenth_ws/src/av-stack/install/av-stack/bin'
[138.607s] INFO:colcon.colcon_core.shell:Creating package script '/home/f1tenth3/f1tenth_ws/src/av-stack/install/av-stack/share/av-stack/package.ps1'
[138.611s] INFO:colcon.colcon_core.shell:Creating package descriptor '/home/f1tenth3/f1tenth_ws/src/av-stack/install/av-stack/share/av-stack/package.dsv'
[138.613s] INFO:colcon.colcon_core.shell:Creating package script '/home/f1tenth3/f1tenth_ws/src/av-stack/install/av-stack/share/av-stack/package.sh'
[138.615s] INFO:colcon.colcon_core.shell:Creating package script '/home/f1tenth3/f1tenth_ws/src/av-stack/install/av-stack/share/av-stack/package.bash'
[138.618s] INFO:colcon.colcon_core.shell:Creating package script '/home/f1tenth3/f1tenth_ws/src/av-stack/install/av-stack/share/av-stack/package.zsh'
[138.620s] Level 1:colcon.colcon_core.environment:create_file_with_runtime_dependencies(/home/f1tenth3/f1tenth_ws/src/av-stack/install/av-stack/share/colcon-core/packages/av-stack)
[138.632s] DEBUG:colcon.colcon_parallel_executor.executor.parallel:closing loop
[138.632s] DEBUG:colcon.colcon_parallel_executor.executor.parallel:loop closed
[138.633s] DEBUG:colcon.colcon_parallel_executor.executor.parallel:run_until_complete finished with '2'
[138.633s] DEBUG:colcon.colcon_core.event_reactor:joining thread
[138.660s] INFO:colcon.colcon_core.plugin_system:Skipping extension 'colcon_notification.desktop_notification.terminal_notifier': Not used on non-Darwin systems
[138.661s] INFO:colcon.colcon_core.plugin_system:Skipping extension 'colcon_notification.desktop_notification.win32': Not used on non-Windows systems
[138.661s] INFO:colcon.colcon_notification.desktop_notification:Sending desktop notification using 'notify2'
[138.702s] DEBUG:colcon.colcon_notification.desktop_notification.notify2:Failed to initialize notify2: org.freedesktop.DBus.Error.Spawn.ChildExited: Process org.freedesktop.Notifications exited with status 1
[138.702s] DEBUG:colcon.colcon_core.event_reactor:joined thread
[138.712s] INFO:colcon.colcon_core.shell:Creating prefix script '/home/f1tenth3/f1tenth_ws/src/av-stack/install/local_setup.ps1'
[138.715s] INFO:colcon.colcon_core.shell:Creating prefix util module '/home/f1tenth3/f1tenth_ws/src/av-stack/install/_local_setup_util_ps1.py'
[138.719s] INFO:colcon.colcon_core.shell:Creating prefix chain script '/home/f1tenth3/f1tenth_ws/src/av-stack/install/setup.ps1'
[138.726s] INFO:colcon.colcon_core.shell:Creating prefix script '/home/f1tenth3/f1tenth_ws/src/av-stack/install/local_setup.sh'
[138.728s] INFO:colcon.colcon_core.shell:Creating prefix util module '/home/f1tenth3/f1tenth_ws/src/av-stack/install/_local_setup_util_sh.py'
[138.729s] INFO:colcon.colcon_core.shell:Creating prefix chain script '/home/f1tenth3/f1tenth_ws/src/av-stack/install/setup.sh'
[138.736s] INFO:colcon.colcon_core.shell:Creating prefix script '/home/f1tenth3/f1tenth_ws/src/av-stack/install/local_setup.bash'
[138.738s] INFO:colcon.colcon_core.shell:Creating prefix chain script '/home/f1tenth3/f1tenth_ws/src/av-stack/install/setup.bash'
[138.744s] INFO:colcon.colcon_core.shell:Creating prefix script '/home/f1tenth3/f1tenth_ws/src/av-stack/install/local_setup.zsh'
[138.746s] INFO:colcon.colcon_core.shell:Creating prefix chain script '/home/f1tenth3/f1tenth_ws/src/av-stack/install/setup.zsh'
