[35m[1mScanning dependencies of target gpio_read[0m
[ 14%] Built target joy_code
[ 28%] Built target tf_publish_slam
[ 42%] Built target laser_code
[35m[1mScanning dependencies of target gpio_code[0m
[35m[1mScanning dependencies of target gpio_write[0m
[35m[1mScanning dependencies of target tf_publish[0m
[ 50%] [32mBuilding CXX object CMakeFiles/gpio_read.dir/src/gpio_read.cpp.o[0m
[ 57%] [32mBuilding CXX object CMakeFiles/tf_publish.dir/src/tf_publisher.cpp.o[0m
[ 64%] [32mBuilding CXX object CMakeFiles/gpio_write.dir/src/gpio_write.cpp.o[0m
[ 71%] [32mBuilding CXX object CMakeFiles/gpio_code.dir/src/gpio_test.cpp.o[0m
[ 78%] [32m[1mLinking CXX executable gpio_write[0m
[ 78%] Built target gpio_write
[ 85%] [32m[1mLinking CXX executable gpio_read[0m
[ 92%] [32m[1mLinking CXX executable gpio_code[0m
[100%] [32m[1mLinking CXX executable tf_publish[0m
[100%] Built target gpio_read
[100%] Built target gpio_code
[100%] Built target tf_publish
-- Install configuration: ""
-- Execute custom install script
-- Symlinking: /home/f1tenth3/f1tenth_ws/src/av-stack/install/av-stack/lib/av-stack/joy_code
-- Symlinking: /home/f1tenth3/f1tenth_ws/src/av-stack/install/av-stack/lib/av-stack/laser_code
-- Symlinking: /home/f1tenth3/f1tenth_ws/src/av-stack/install/av-stack/lib/av-stack/gpio_code
-- Symlinking: /home/f1tenth3/f1tenth_ws/src/av-stack/install/av-stack/lib/av-stack/gpio_read
-- Symlinking: /home/f1tenth3/f1tenth_ws/src/av-stack/install/av-stack/lib/av-stack/gpio_write
-- Symlinking: /home/f1tenth3/f1tenth_ws/src/av-stack/install/av-stack/lib/av-stack/tf_publish
-- Symlinking: /home/f1tenth3/f1tenth_ws/src/av-stack/install/av-stack/lib/av-stack/tf_publish_slam
-- Symlinking: /home/f1tenth3/f1tenth_ws/src/av-stack/install/av-stack/share/av-stack/launch/bringup_script.py
-- Symlinking: /home/f1tenth3/f1tenth_ws/src/av-stack/install/av-stack/share/av-stack/launch/bringup_script.py.save
-- Symlinking: /home/f1tenth3/f1tenth_ws/src/av-stack/install/av-stack/share/av-stack/launch/nav2.launch.py
-- Symlinking: /home/f1tenth3/f1tenth_ws/src/av-stack/install/av-stack/share/av-stack/launch/pf_test.launch.py
-- Symlinking: /home/f1tenth3/f1tenth_ws/src/av-stack/install/av-stack/share/av-stack/launch/run_amcl.launch.py
-- Symlinking: /home/f1tenth3/f1tenth_ws/src/av-stack/install/av-stack/share/av-stack/launch/run_mpc.launch.py
-- Symlinking: /home/f1tenth3/f1tenth_ws/src/av-stack/install/av-stack/share/av-stack/launch/run_pid.launch.py
-- Symlinking: /home/f1tenth3/f1tenth_ws/src/av-stack/install/av-stack/share/av-stack/launch/run_slam_async.launch.py
-- Symlinking: /home/f1tenth3/f1tenth_ws/src/av-stack/install/av-stack/share/av-stack/launch/run_slam_async_auto.launch.py
-- Symlinking: /home/f1tenth3/f1tenth_ws/src/av-stack/install/av-stack/share/av-stack/launch/run_teleop.launch.py
-- Symlinking: /home/f1tenth3/f1tenth_ws/src/av-stack/install/av-stack/share/av-stack/description/racecar.xacro
-- Symlinking: /home/f1tenth3/f1tenth_ws/src/av-stack/install/av-stack/share/av-stack/description/rviz_launch.rviz
-- Symlinking: /home/f1tenth3/f1tenth_ws/src/av-stack/install/av-stack/share/av-stack/description/slam_toolbox_default.rviz
-- Symlinking: /home/f1tenth3/f1tenth_ws/src/av-stack/install/av-stack/share/av-stack/config/amcl.yaml
-- Symlinking: /home/f1tenth3/f1tenth_ws/src/av-stack/install/av-stack/share/av-stack/config/ekf.yaml
-- Symlinking: /home/f1tenth3/f1tenth_ws/src/av-stack/install/av-stack/share/av-stack/config/f1tenth_cmu_lifelong.yaml
-- Symlinking: /home/f1tenth3/f1tenth_ws/src/av-stack/install/av-stack/share/av-stack/config/f1tenth_cmu_online_async.yaml
-- Symlinking: /home/f1tenth3/f1tenth_ws/src/av-stack/install/av-stack/share/av-stack/config/joy_teleop.yaml
-- Symlinking: /home/f1tenth3/f1tenth_ws/src/av-stack/install/av-stack/share/av-stack/config/mux.yaml
-- Symlinking: /home/f1tenth3/f1tenth_ws/src/av-stack/install/av-stack/share/av-stack/config/nav2.yaml
-- Symlinking: /home/f1tenth3/f1tenth_ws/src/av-stack/install/av-stack/share/av-stack/config/sensors.yaml
-- Symlinking: /home/f1tenth3/f1tenth_ws/src/av-stack/install/av-stack/share/av-stack/config/sim_time.yaml
-- Symlinking: /home/f1tenth3/f1tenth_ws/src/av-stack/install/av-stack/share/av-stack/config/vesc.yaml
-- Symlinking: /home/f1tenth3/f1tenth_ws/src/av-stack/install/av-stack/share/ament_index/resource_index/package_run_dependencies/av-stack
-- Symlinking: /home/f1tenth3/f1tenth_ws/src/av-stack/install/av-stack/share/ament_index/resource_index/parent_prefix_path/av-stack
-- Symlinking: /home/f1tenth3/f1tenth_ws/src/av-stack/install/av-stack/share/av-stack/environment/ament_prefix_path.sh
-- Symlinking: /home/f1tenth3/f1tenth_ws/src/av-stack/install/av-stack/share/av-stack/environment/ament_prefix_path.dsv
-- Symlinking: /home/f1tenth3/f1tenth_ws/src/av-stack/install/av-stack/share/av-stack/environment/path.sh
-- Symlinking: /home/f1tenth3/f1tenth_ws/src/av-stack/install/av-stack/share/av-stack/environment/path.dsv
-- Symlinking: /home/f1tenth3/f1tenth_ws/src/av-stack/install/av-stack/share/av-stack/local_setup.bash
-- Symlinking: /home/f1tenth3/f1tenth_ws/src/av-stack/install/av-stack/share/av-stack/local_setup.sh
-- Symlinking: /home/f1tenth3/f1tenth_ws/src/av-stack/install/av-stack/share/av-stack/local_setup.zsh
-- Symlinking: /home/f1tenth3/f1tenth_ws/src/av-stack/install/av-stack/share/av-stack/local_setup.dsv
-- Symlinking: /home/f1tenth3/f1tenth_ws/src/av-stack/install/av-stack/share/av-stack/package.dsv
-- Symlinking: /home/f1tenth3/f1tenth_ws/src/av-stack/install/av-stack/share/ament_index/resource_index/packages/av-stack
-- Symlinking: /home/f1tenth3/f1tenth_ws/src/av-stack/install/av-stack/share/av-stack/cmake/av-stackConfig.cmake
-- Symlinking: /home/f1tenth3/f1tenth_ws/src/av-stack/install/av-stack/share/av-stack/cmake/av-stackConfig-version.cmake
-- Symlinking: /home/f1tenth3/f1tenth_ws/src/av-stack/install/av-stack/share/av-stack/package.xml
